<?xml version="1.0" encoding="UTF-8"?>
<!-- Generated by org.testng.reporters.JUnitXMLReporter -->
<testsuite hostname="Adityan-PC" ignored="0" name="Default test" tests="5" failures="0" timestamp="27 Jan 2022 04:58:48 GMT" time="54.744" errors="0">
  <testcase name="tc1" time="2.555" classname="org.demo.TestNGDemo"/>
  <testcase name="tc1" time="2.264" classname="org.demo.TestNGDemo"/>
  <testcase name="tc1" time="2.314" classname="org.demo.TestNGDemo"/>
  <testcase name="tc2" time="4.371" classname="org.demo.TestNGDemo"/>
  <testcase name="tc3" time="2.318" classname="org.demo.TestNGDemo"/>
</testsuite> <!-- Default test -->
