<?xml version="1.0" encoding="UTF-8"?>
<!-- Generated by org.testng.reporters.JUnitXMLReporter -->
<testsuite hostname="Adityan-PC" ignored="2" name="tc1" tests="1" failures="1" timestamp="26 Jan 2022 14:53:15 GMT" time="3.819" errors="0">
  <testcase name="tc1" time="0.0" classname="org.demo.TestNGDemo">
    <failure type="org.testng.TestNGException" message="
Cannot inject @Test annotated Method [tc1] with [class java.lang.String, class java.lang.String].
For more information on native dependency injection please refer to http://testng.org/doc/documentation-main.html#native-dependency-injection">
      <![CDATA[org.testng.TestNGException: 
Cannot inject @Test annotated Method [tc1] with [class java.lang.String, class java.lang.String].
For more information on native dependency injection please refer to http://testng.org/doc/documentation-main.html#native-dependency-injection
... Removed 24 stack frames]]>
    </failure>
  </testcase> <!-- tc1 -->
  <testcase name="tc3" time="0.0" classname="org.demo.TestNGDemo">
    <ignored/>
  </testcase> <!-- tc3 -->
  <testcase name="tc2" time="0.0" classname="org.demo.TestNGDemo">
    <ignored/>
  </testcase> <!-- tc2 -->
</testsuite> <!-- tc1 -->
