<?xml version="1.0" encoding="UTF-8"?>
<testng-results skipped="0" failed="0" ignored="0" total="5" passed="5">
  <reporter-output>
  </reporter-output>
  <suite name="Default suite" duration-ms="54744" started-at="2022-01-27T04:57:54Z" finished-at="2022-01-27T04:58:48Z">
    <groups>
    </groups>
    <test name="Default test" duration-ms="54744" started-at="2022-01-27T04:57:54Z" finished-at="2022-01-27T04:58:48Z">
      <class name="org.demo.TestNGDemo">
        <test-method status="PASS" signature="browserLaunch()[pri:0, instance:org.demo.TestNGDemo@1a968a59]" name="browserLaunch" is-config="true" duration-ms="3529" started-at="2022-01-27T04:57:54Z" finished-at="2022-01-27T04:57:57Z">
          <reporter-output>
          </reporter-output>
        </test-method> <!-- browserLaunch -->
        <test-method status="PASS" signature="launchFB()[pri:0, instance:org.demo.TestNGDemo@1a968a59]" name="launchFB" is-config="true" duration-ms="3944" started-at="2022-01-27T04:57:57Z" finished-at="2022-01-27T04:58:01Z">
          <reporter-output>
          </reporter-output>
        </test-method> <!-- launchFB -->
        <test-method status="PASS" signature="tc1(java.lang.String, java.lang.String)[pri:0, instance:org.demo.TestNGDemo@1a968a59]" name="tc1" duration-ms="2555" started-at="2022-01-27T04:58:01Z" data-provider="loginData" finished-at="2022-01-27T04:58:04Z">
          <params>
            <param index="0">
              <value>
                <![CDATA[greens]]>
              </value>
            </param>
            <param index="1">
              <value>
                <![CDATA[greens@123]]>
              </value>
            </param>
          </params>
          <reporter-output>
          </reporter-output>
        </test-method> <!-- tc1 -->
        <test-method status="PASS" signature="closeMsg()[pri:0, instance:org.demo.TestNGDemo@1a968a59]" name="closeMsg" is-config="true" duration-ms="1" started-at="2022-01-27T04:58:04Z" finished-at="2022-01-27T04:58:04Z">
          <reporter-output>
          </reporter-output>
        </test-method> <!-- closeMsg -->
        <test-method status="PASS" signature="launchFB()[pri:0, instance:org.demo.TestNGDemo@1a968a59]" name="launchFB" is-config="true" duration-ms="4767" started-at="2022-01-27T04:58:04Z" finished-at="2022-01-27T04:58:09Z">
          <reporter-output>
          </reporter-output>
        </test-method> <!-- launchFB -->
        <test-method status="PASS" signature="tc1(java.lang.String, java.lang.String)[pri:0, instance:org.demo.TestNGDemo@1a968a59]" name="tc1" duration-ms="2264" started-at="2022-01-27T04:58:09Z" data-provider="loginData" finished-at="2022-01-27T04:58:11Z">
          <params>
            <param index="0">
              <value>
                <![CDATA[sql]]>
              </value>
            </param>
            <param index="1">
              <value>
                <![CDATA[sql@123]]>
              </value>
            </param>
          </params>
          <reporter-output>
          </reporter-output>
        </test-method> <!-- tc1 -->
        <test-method status="PASS" signature="closeMsg()[pri:0, instance:org.demo.TestNGDemo@1a968a59]" name="closeMsg" is-config="true" duration-ms="1" started-at="2022-01-27T04:58:11Z" finished-at="2022-01-27T04:58:11Z">
          <reporter-output>
          </reporter-output>
        </test-method> <!-- closeMsg -->
        <test-method status="PASS" signature="launchFB()[pri:0, instance:org.demo.TestNGDemo@1a968a59]" name="launchFB" is-config="true" duration-ms="3423" started-at="2022-01-27T04:58:11Z" finished-at="2022-01-27T04:58:14Z">
          <reporter-output>
          </reporter-output>
        </test-method> <!-- launchFB -->
        <test-method status="PASS" signature="tc1(java.lang.String, java.lang.String)[pri:0, instance:org.demo.TestNGDemo@1a968a59]" name="tc1" duration-ms="2314" started-at="2022-01-27T04:58:14Z" data-provider="loginData" finished-at="2022-01-27T04:58:17Z">
          <params>
            <param index="0">
              <value>
                <![CDATA[java]]>
              </value>
            </param>
            <param index="1">
              <value>
                <![CDATA[java@12]]>
              </value>
            </param>
          </params>
          <reporter-output>
          </reporter-output>
        </test-method> <!-- tc1 -->
        <test-method status="PASS" signature="closeMsg()[pri:0, instance:org.demo.TestNGDemo@1a968a59]" name="closeMsg" is-config="true" duration-ms="0" started-at="2022-01-27T04:58:17Z" finished-at="2022-01-27T04:58:17Z">
          <reporter-output>
          </reporter-output>
        </test-method> <!-- closeMsg -->
        <test-method status="PASS" signature="launchFB()[pri:0, instance:org.demo.TestNGDemo@1a968a59]" name="launchFB" is-config="true" duration-ms="16429" started-at="2022-01-27T04:58:17Z" finished-at="2022-01-27T04:58:33Z">
          <reporter-output>
          </reporter-output>
        </test-method> <!-- launchFB -->
        <test-method status="PASS" signature="tc2()[pri:0, instance:org.demo.TestNGDemo@1a968a59]" name="tc2" duration-ms="4371" started-at="2022-01-27T04:58:33Z" finished-at="2022-01-27T04:58:37Z">
          <reporter-output>
          </reporter-output>
        </test-method> <!-- tc2 -->
        <test-method status="PASS" signature="closeMsg()[pri:0, instance:org.demo.TestNGDemo@1a968a59]" name="closeMsg" is-config="true" duration-ms="2" started-at="2022-01-27T04:58:37Z" finished-at="2022-01-27T04:58:37Z">
          <reporter-output>
          </reporter-output>
        </test-method> <!-- closeMsg -->
        <test-method status="PASS" signature="launchFB()[pri:0, instance:org.demo.TestNGDemo@1a968a59]" name="launchFB" is-config="true" duration-ms="7904" started-at="2022-01-27T04:58:37Z" finished-at="2022-01-27T04:58:45Z">
          <reporter-output>
          </reporter-output>
        </test-method> <!-- launchFB -->
        <test-method status="PASS" signature="tc3()[pri:0, instance:org.demo.TestNGDemo@1a968a59]" name="tc3" duration-ms="2318" started-at="2022-01-27T04:58:45Z" finished-at="2022-01-27T04:58:48Z">
          <reporter-output>
          </reporter-output>
        </test-method> <!-- tc3 -->
        <test-method status="PASS" signature="closeMsg()[pri:0, instance:org.demo.TestNGDemo@1a968a59]" name="closeMsg" is-config="true" duration-ms="1" started-at="2022-01-27T04:58:48Z" finished-at="2022-01-27T04:58:48Z">
          <reporter-output>
          </reporter-output>
        </test-method> <!-- closeMsg -->
        <test-method status="PASS" signature="browserQuit()[pri:0, instance:org.demo.TestNGDemo@1a968a59]" name="browserQuit" is-config="true" duration-ms="783" started-at="2022-01-27T04:58:48Z" finished-at="2022-01-27T04:58:48Z">
          <reporter-output>
          </reporter-output>
        </test-method> <!-- browserQuit -->
      </class> <!-- org.demo.TestNGDemo -->
    </test> <!-- Default test -->
  </suite> <!-- Default suite -->
</testng-results>
